{"Time": "2019-11-04 15:19:12","Hostname": "AlfredYangMac","ProjectName": "ntm-curd","File": "events.js:215","Func": "","JobId": "","TraceId": "","UserId": "","Message": "::1 - GET /sandbox-indices HTTP/1.1 200 ","Level": "INFO"}
{"Time": "2019-11-04 15:21:57","Hostname": "AlfredYangMac","ProjectName": "ntm-curd","File": "events.js:215","Func": "","JobId": "","TraceId": "","UserId": "","Message": "::1 - GET /sandboxindices HTTP/1.1 404 ","Level": "ERROR"}
{"Time": "2019-11-04 15:22:03","Hostname": "AlfredYangMac","ProjectName": "ntm-curd","File": "events.js:215","Func": "","JobId": "","TraceId": "","UserId": "","Message": "::1 - GET /sandbox-indices HTTP/1.1 200 ","Level": "INFO"}
{"Time": "2019-11-04 15:26:25","Hostname": "AlfredYangMac","ProjectName": "ntm-curd","File": "events.js:215","Func": "","JobId": "","TraceId": "","UserId": "","Message": "::1 - GET /sandbox-indices HTTP/1.1 200 ","Level": "INFO"}
{"Time": "2019-11-04 15:26:46","Hostname": "AlfredYangMac","ProjectName": "ntm-curd","File": "events.js:215","Func": "","JobId": "","TraceId": "","UserId": "","Message": "::1 - GET /sandbox-indices HTTP/1.1 200 ","Level": "INFO"}
{"Time": "2019-11-04 15:26:48","Hostname": "AlfredYangMac","ProjectName": "ntm-curd","File": "events.js:215","Func": "","JobId": "","TraceId": "","UserId": "","Message": "::1 - GET /sandbox-indices HTTP/1.1 200 ","Level": "INFO"}
{"Time": "2019-11-04 15:27:04","Hostname": "AlfredYangMac","ProjectName": "ph-sandbox","File": "events.js:215","Func": "","JobId": "","TraceId": "","UserId": "","Message": "::1 - GET /sandbox-indices HTTP/1.1 200 ","Level": "INFO"}
{"Time": "2019-11-04 15:27:06","Hostname": "AlfredYangMac","ProjectName": "ph-sandbox","File": "events.js:215","Func": "","JobId": "","TraceId": "","UserId": "","Message": "::1 - GET /sandbox-indices HTTP/1.1 200 ","Level": "INFO"}
{"Time": "2019-11-04 15:31:22","Hostname": "AlfredYangMac","ProjectName": "ph-sandbox","File": "events.js:215","Func": "","JobId": "","TraceId": "","UserId": "","Message": "::1 - POST /sandbox-indices HTTP/1.1 415 ","Level": "ERROR"}
{"Time": "2019-11-04 15:31:33","Hostname": "AlfredYangMac","ProjectName": "ph-sandbox","File": "events.js:215","Func": "","JobId": "","TraceId": "","UserId": "","Message": "::1 - POST /sandbox-indices HTTP/1.1 201 ","Level": "INFO"}
{"Time": "2019-11-04 15:36:00","Hostname": "AlfredYangMac","ProjectName": "ph-sandbox","File": "events.js:215","Func": "","JobId": "","TraceId": "","UserId": "","Message": "::1 - GET /sandboxindices HTTP/1.1 404 ","Level": "ERROR"}
{"Time": "2019-11-04 15:36:03","Hostname": "AlfredYangMac","ProjectName": "ph-sandbox","File": "events.js:215","Func": "","JobId": "","TraceId": "","UserId": "","Message": "::1 - GET /sandbox-indices HTTP/1.1 200 ","Level": "INFO"}
{"Time": "2019-11-04 15:38:14","Hostname": "AlfredYangMac","ProjectName": "ph-sandbox","File": "events.js:215","Func": "","JobId": "","TraceId": "","UserId": "","Message": "::1 - GET /sandbox-indices HTTP/1.1 200 ","Level": "INFO"}
{"Time": "2019-11-04 15:40:15","Hostname": "AlfredYangMac","ProjectName": "ph-sandbox","File": "events.js:215","Func": "","JobId": "","TraceId": "","UserId": "","Message": "::1 - GET /sandbox-indices HTTP/1.1 200 ","Level": "INFO"}
{"Time": "2019-11-04 15:45:01","Hostname": "AlfredYangMac","ProjectName": "ph-sandbox","File": "events.js:215","Func": "","JobId": "","TraceId": "","UserId": "","Message": "::1 - GET /sandbox-indices HTTP/1.1 200 ","Level": "INFO"}
{"Time": "2019-11-04 15:45:40","Hostname": "AlfredYangMac","ProjectName": "ph-sandbox","File": "events.js:215","Func": "","JobId": "","TraceId": "","UserId": "","Message": "::1 - GET /sandbox-indices HTTP/1.1 200 ","Level": "INFO"}
{"Time": "2019-11-04 15:46:30","Hostname": "AlfredYangMac","ProjectName": "ph-sandbox","File": "events.js:215","Func": "","JobId": "","TraceId": "","UserId": "","Message": "::1 - GET /file-meta-datums HTTP/1.1 200 ","Level": "INFO"}
{"Time": "2019-11-04 15:47:44","Hostname": "AlfredYangMac","ProjectName": "ph-sandbox","File": "events.js:215","Func": "","JobId": "","TraceId": "","UserId": "","Message": "::1 - POST /file-meta-datums HTTP/1.1 400 ","Level": "ERROR"}
{"Time": "2019-11-04 15:52:21","Hostname": "AlfredYangMac","ProjectName": "ph-sandbox","File": "events.js:215","Func": "","JobId": "","TraceId": "","UserId": "","Message": "::1 - POST /file-details HTTP/1.1 400 ","Level": "ERROR"}
{"Time": "2019-11-04 15:52:27","Hostname": "AlfredYangMac","ProjectName": "ph-sandbox","File": "events.js:215","Func": "","JobId": "","TraceId": "","UserId": "","Message": "::1 - GET /file-details HTTP/1.1 400 ","Level": "ERROR"}
{"Time": "2019-11-04 15:52:37","Hostname": "AlfredYangMac","ProjectName": "ph-sandbox","File": "events.js:215","Func": "","JobId": "","TraceId": "","UserId": "","Message": "::1 - GET /file-details HTTP/1.1 200 ","Level": "INFO"}
{"Time": "2019-11-04 15:53:45","Hostname": "AlfredYangMac","ProjectName": "ph-sandbox","File": "events.js:215","Func": "","JobId": "","TraceId": "","UserId": "","Message": "::1 - GET /file-details HTTP/1.1 200 ","Level": "INFO"}
{"Time": "2019-11-04 15:56:11","Hostname": "AlfredYangMac","ProjectName": "ph-sandbox","File": "events.js:215","Func": "","JobId": "","TraceId": "","UserId": "","Message": "::1 - GET /file-details HTTP/1.1 200 ","Level": "INFO"}
{"Time": "2019-11-04 15:56:41","Hostname": "AlfredYangMac","ProjectName": "ph-sandbox","File": "events.js:215","Func": "","JobId": "","TraceId": "","UserId": "","Message": "::1 - GET /file-details HTTP/1.1 200 ","Level": "INFO"}
{"Time": "2019-11-04 15:58:00","Hostname": "AlfredYangMac","ProjectName": "ph-sandbox","File": "events.js:215","Func": "","JobId": "","TraceId": "","UserId": "","Message": "::1 - GET /file-details HTTP/1.1 200 ","Level": "INFO"}
{"Time": "2019-11-04 15:58:58","Hostname": "AlfredYangMac","ProjectName": "ph-sandbox","File": "events.js:215","Func": "","JobId": "","TraceId": "","UserId": "","Message": "::1 - GET /file-details HTTP/1.1 200 ","Level": "INFO"}
{"Time": "2019-11-04 15:59:14","Hostname": "AlfredYangMac","ProjectName": "ph-sandbox","File": "events.js:215","Func": "","JobId": "","TraceId": "","UserId": "","Message": "::1 - GET /file-versions HTTP/1.1 200 ","Level": "INFO"}
{"Time": "2019-11-04 16:00:37","Hostname": "AlfredYangMac","ProjectName": "ph-sandbox","File": "events.js:215","Func": "","JobId": "","TraceId": "","UserId": "","Message": "::1 - GET /file-versions HTTP/1.1 200 ","Level": "INFO"}
