{"Time": "2019-11-05 19:28:16","Hostname": "AlfredYangMac","ProjectName": "ntm-curd","File": "/Users/alfredyang/Desktop/code/pharbers/SandBoxPods/server/dist/src/logger/phLogger.js:19","Func": "","JobId": "","TraceId": "","UserId": "","Message": "connect mongodb without auth []","Level": "INFO"}
{"Time": "2019-11-05 19:28:16","Hostname": "AlfredYangMac","ProjectName": "ntm-curd","File": "/Users/alfredyang/Desktop/code/pharbers/SandBoxPods/server/dist/src/logger/phLogger.js:19","Func": "","JobId": "","TraceId": "","UserId": "","Message": "server started at http://localhost:8080 []","Level": "INFO"}
{"Time": "2019-11-05 20:45:27","Hostname": "AlfredYangMac","ProjectName": "ntm-curd","File": "/Users/alfredyang/Desktop/code/pharbers/SandBoxPods/server/dist/src/logger/phLogger.js:19","Func": "","JobId": "","TraceId": "","UserId": "","Message": "connect mongodb without auth []","Level": "INFO"}
{"Time": "2019-11-05 20:45:27","Hostname": "AlfredYangMac","ProjectName": "ntm-curd","File": "/Users/alfredyang/Desktop/code/pharbers/SandBoxPods/server/dist/src/logger/phLogger.js:19","Func": "","JobId": "","TraceId": "","UserId": "","Message": "[
  ModuleConf {
    protocol: 'http',
    host: 'localhost',
    port: 30000,
    routers: [ 'sql' ]
  }
] []","Level": "INFO"}
{"Time": "2019-11-05 20:45:27","Hostname": "AlfredYangMac","ProjectName": "ntm-curd","File": "/Users/alfredyang/Desktop/code/pharbers/SandBoxPods/server/dist/src/logger/phLogger.js:19","Func": "","JobId": "","TraceId": "","UserId": "","Message": "server started at http://localhost:8080 []","Level": "INFO"}
{"Time": "2019-11-05 20:55:27","Hostname": "AlfredYangMac","ProjectName": "ntm-curd","File": "/Users/alfredyang/Desktop/code/pharbers/SandBoxPods/server/dist/src/logger/phLogger.js:19","Func": "","JobId": "","TraceId": "","UserId": "","Message": "connect mongodb without auth []","Level": "INFO"}
{"Time": "2019-11-05 20:55:27","Hostname": "AlfredYangMac","ProjectName": "ntm-curd","File": "/Users/alfredyang/Desktop/code/pharbers/SandBoxPods/server/dist/src/logger/phLogger.js:19","Func": "","JobId": "","TraceId": "","UserId": "","Message": "[
  ModuleConf {
    protocol: 'http',
    host: 'localhost',
    port: 30000,
    routers: [ 'sql' ]
  }
] []","Level": "INFO"}
{"Time": "2019-11-05 20:55:27","Hostname": "AlfredYangMac","ProjectName": "ntm-curd","File": "/Users/alfredyang/Desktop/code/pharbers/SandBoxPods/server/dist/src/logger/phLogger.js:19","Func": "","JobId": "","TraceId": "","UserId": "","Message": "sql []","Level": "INFO"}
{"Time": "2019-11-05 20:55:27","Hostname": "AlfredYangMac","ProjectName": "ntm-curd","File": "/Users/alfredyang/Desktop/code/pharbers/SandBoxPods/server/dist/src/logger/phLogger.js:19","Func": "","JobId": "","TraceId": "","UserId": "","Message": "server started at http://localhost:8080 []","Level": "INFO"}
{"Time": "2019-11-05 21:02:12","Hostname": "AlfredYangMac","ProjectName": "ntm-curd","File": "/Users/alfredyang/Desktop/code/pharbers/SandBoxPods/server/dist/src/logger/phLogger.js:19","Func": "","JobId": "","TraceId": "","UserId": "","Message": "connect mongodb without auth []","Level": "INFO"}
{"Time": "2019-11-05 21:02:12","Hostname": "AlfredYangMac","ProjectName": "ntm-curd","File": "/Users/alfredyang/Desktop/code/pharbers/SandBoxPods/server/dist/src/logger/phLogger.js:19","Func": "","JobId": "","TraceId": "","UserId": "","Message": "[
  ModuleConf {
    protocol: 'http',
    host: 'localhost',
    port: 30000,
    routers: [ 'sql' ]
  }
] []","Level": "INFO"}
{"Time": "2019-11-05 21:02:12","Hostname": "AlfredYangMac","ProjectName": "ntm-curd","File": "/Users/alfredyang/Desktop/code/pharbers/SandBoxPods/server/dist/src/logger/phLogger.js:19","Func": "","JobId": "","TraceId": "","UserId": "","Message": "server started at http://localhost:8080 []","Level": "INFO"}
{"Time": "2019-11-05 21:07:09","Hostname": "AlfredYangMac","ProjectName": "ntm-curd","File": "/Users/alfredyang/Desktop/code/pharbers/SandBoxPods/server/dist/src/logger/phLogger.js:19","Func": "","JobId": "","TraceId": "","UserId": "","Message": "connect mongodb without auth []","Level": "INFO"}
{"Time": "2019-11-05 21:07:10","Hostname": "AlfredYangMac","ProjectName": "ntm-curd","File": "/Users/alfredyang/Desktop/code/pharbers/SandBoxPods/server/dist/src/logger/phLogger.js:19","Func": "","JobId": "","TraceId": "","UserId": "","Message": "[
  ModuleConf {
    protocol: 'http',
    host: 'localhost',
    port: 30000,
    routers: [ 'sql' ]
  }
] []","Level": "INFO"}
{"Time": "2019-11-05 21:07:38","Hostname": "AlfredYangMac","ProjectName": "ntm-curd","File": "/Users/alfredyang/Desktop/code/pharbers/SandBoxPods/server/dist/src/logger/phLogger.js:19","Func": "","JobId": "","TraceId": "","UserId": "","Message": "server started at http://localhost:8080 []","Level": "INFO"}
{"Time": "2019-11-05 21:09:09","Hostname": "AlfredYangMac","ProjectName": "ntm-curd","File": "/Users/alfredyang/Desktop/code/pharbers/SandBoxPods/server/dist/src/logger/phLogger.js:19","Func": "","JobId": "","TraceId": "","UserId": "","Message": "connect mongodb without auth []","Level": "INFO"}
{"Time": "2019-11-05 21:09:10","Hostname": "AlfredYangMac","ProjectName": "ntm-curd","File": "/Users/alfredyang/Desktop/code/pharbers/SandBoxPods/server/dist/src/logger/phLogger.js:19","Func": "","JobId": "","TraceId": "","UserId": "","Message": "[
  ModuleConf {
    protocol: 'http',
    host: 'localhost',
    port: 30000,
    routers: [ 'sql' ]
  }
] []","Level": "INFO"}
{"Time": "2019-11-05 21:09:10","Hostname": "AlfredYangMac","ProjectName": "ntm-curd","File": "/Users/alfredyang/Desktop/code/pharbers/SandBoxPods/server/dist/src/logger/phLogger.js:19","Func": "","JobId": "","TraceId": "","UserId": "","Message": "server started at http://localhost:8080 []","Level": "INFO"}
